Determining if the pthread_create exist failed with the following output:
Change Dir: /home/pesta/chess_arm/build/CMakeFiles/CMakeTmp

Run Build Command:"/usr/bin/make" "cmTC_64b79/fast"
/usr/bin/make -f CMakeFiles/cmTC_64b79.dir/build.make CMakeFiles/cmTC_64b79.dir/build
make[1]: вход в каталог «/home/pesta/chess_arm/build/CMakeFiles/CMakeTmp»
Building C object CMakeFiles/cmTC_64b79.dir/CheckSymbolExists.c.o
/usr/bin/cc    -o CMakeFiles/cmTC_64b79.dir/CheckSymbolExists.c.o   -c /home/pesta/chess_arm/build/CMakeFiles/CMakeTmp/CheckSymbolExists.c
Linking C executable cmTC_64b79
/usr/bin/cmake -E cmake_link_script CMakeFiles/cmTC_64b79.dir/link.txt --verbose=1
/usr/bin/cc      -rdynamic CMakeFiles/cmTC_64b79.dir/CheckSymbolExists.c.o  -o cmTC_64b79 
CMakeFiles/cmTC_64b79.dir/CheckSymbolExists.c.o: In function `main':
CheckSymbolExists.c:(.text+0x1b): undefined reference to `pthread_create'
collect2: error: ld returned 1 exit status
CMakeFiles/cmTC_64b79.dir/build.make:97: recipe for target 'cmTC_64b79' failed
make[1]: *** [cmTC_64b79] Error 1
make[1]: выход из каталога «/home/pesta/chess_arm/build/CMakeFiles/CMakeTmp»
Makefile:126: recipe for target 'cmTC_64b79/fast' failed
make: *** [cmTC_64b79/fast] Error 2

File /home/pesta/chess_arm/build/CMakeFiles/CMakeTmp/CheckSymbolExists.c:
/* */
#include <pthread.h>

int main(int argc, char** argv)
{
  (void)argv;
#ifndef pthread_create
  return ((int*)(&pthread_create))[argc];
#else
  (void)argc;
  return 0;
#endif
}

Determining if the function pthread_create exists in the pthreads failed with the following output:
Change Dir: /home/pesta/chess_arm/build/CMakeFiles/CMakeTmp

Run Build Command:"/usr/bin/make" "cmTC_da916/fast"
/usr/bin/make -f CMakeFiles/cmTC_da916.dir/build.make CMakeFiles/cmTC_da916.dir/build
make[1]: вход в каталог «/home/pesta/chess_arm/build/CMakeFiles/CMakeTmp»
Building C object CMakeFiles/cmTC_da916.dir/CheckFunctionExists.c.o
/usr/bin/cc   -DCHECK_FUNCTION_EXISTS=pthread_create   -o CMakeFiles/cmTC_da916.dir/CheckFunctionExists.c.o   -c /usr/share/cmake-3.10/Modules/CheckFunctionExists.c
Linking C executable cmTC_da916
/usr/bin/cmake -E cmake_link_script CMakeFiles/cmTC_da916.dir/link.txt --verbose=1
/usr/bin/cc  -DCHECK_FUNCTION_EXISTS=pthread_create    -rdynamic CMakeFiles/cmTC_da916.dir/CheckFunctionExists.c.o  -o cmTC_da916 -lpthreads 
/usr/bin/ld: cannot find -lpthreads
collect2: error: ld returned 1 exit status
CMakeFiles/cmTC_da916.dir/build.make:97: recipe for target 'cmTC_da916' failed
make[1]: *** [cmTC_da916] Error 1
make[1]: выход из каталога «/home/pesta/chess_arm/build/CMakeFiles/CMakeTmp»
Makefile:126: recipe for target 'cmTC_da916/fast' failed
make: *** [cmTC_da916/fast] Error 2


